<?xml version="1.0" encoding="UTF-8"?>
<!-- Generated by org.testng.reporters.JUnitReportReporter -->
<testsuite hostname="DESKTOP-EJFPM7V" failures="0" tests="5" name="com.sgtesting.testngseleniumautomation.CreateUserTestngSeleniumAutomation" time="27.862" errors="0" timestamp="2022-09-16T12:55:36 IST" skipped="0">
  <testcase classname="com.sgtesting.testngseleniumautomation.CreateUserTestngSeleniumAutomation" name="logIn" time="3.163"/>
  <system-out/>
  <testcase classname="com.sgtesting.testngseleniumautomation.CreateUserTestngSeleniumAutomation" name="minimizeFlyOutWindow" time="5.051"/>
  <system-out/>
  <testcase classname="com.sgtesting.testngseleniumautomation.CreateUserTestngSeleniumAutomation" name="createUser" time="10.200"/>
  <system-out/>
  <testcase classname="com.sgtesting.testngseleniumautomation.CreateUserTestngSeleniumAutomation" name="deleteUser" time="6.141"/>
  <system-out/>
  <testcase classname="com.sgtesting.testngseleniumautomation.CreateUserTestngSeleniumAutomation" name="logOut" time="3.307"/>
  <system-out/>
</testsuite> <!-- com.sgtesting.testngseleniumautomation.CreateUserTestngSeleniumAutomation -->
