<?xml version="1.0" encoding="UTF-8"?>
<!-- Generated by org.testng.reporters.JUnitReportReporter -->
<testsuite hostname="DESKTOP-EJFPM7V" failures="0" tests="5" name="com.sgtesting.testngseleniumautomation.CreateCustomerTestngSeleniumAutomation" time="32.284" errors="0" timestamp="2022-09-16T12:55:36 IST" skipped="0">
  <testcase classname="com.sgtesting.testngseleniumautomation.CreateCustomerTestngSeleniumAutomation" name="logIn" time="5.194"/>
  <system-out/>
  <testcase classname="com.sgtesting.testngseleniumautomation.CreateCustomerTestngSeleniumAutomation" name="minimizeFlyOutWindow" time="5.058"/>
  <system-out/>
  <testcase classname="com.sgtesting.testngseleniumautomation.CreateCustomerTestngSeleniumAutomation" name="createCustomer" time="12.591"/>
  <system-out/>
  <testcase classname="com.sgtesting.testngseleniumautomation.CreateCustomerTestngSeleniumAutomation" name="deleteCustomer" time="6.228"/>
  <system-out/>
  <testcase classname="com.sgtesting.testngseleniumautomation.CreateCustomerTestngSeleniumAutomation" name="logOut" time="3.213"/>
  <system-out/>
</testsuite> <!-- com.sgtesting.testngseleniumautomation.CreateCustomerTestngSeleniumAutomation -->
