<?xml version="1.0" encoding="UTF-8"?>
<!-- Generated by org.testng.reporters.JUnitReportReporter -->
<testsuite hostname="DESKTOP-EJFPM7V" failures="0" tests="6" name="com.sgtesting.testngseleniumautomation.ModifyUserTestngSeleniumAutomation" time="39.128" errors="0" timestamp="2022-09-16T12:55:36 IST" skipped="0">
  <testcase classname="com.sgtesting.testngseleniumautomation.ModifyUserTestngSeleniumAutomation" name="logIn" time="3.155"/>
  <system-out/>
  <testcase classname="com.sgtesting.testngseleniumautomation.ModifyUserTestngSeleniumAutomation" name="minimizeFlyOutWindow" time="5.085"/>
  <system-out/>
  <testcase classname="com.sgtesting.testngseleniumautomation.ModifyUserTestngSeleniumAutomation" name="createUser" time="9.197"/>
  <system-out/>
  <testcase classname="com.sgtesting.testngseleniumautomation.ModifyUserTestngSeleniumAutomation" name="modifyUser" time="12.348"/>
  <system-out/>
  <testcase classname="com.sgtesting.testngseleniumautomation.ModifyUserTestngSeleniumAutomation" name="logOut" time="3.212"/>
  <system-out/>
  <testcase classname="com.sgtesting.testngseleniumautomation.ModifyUserTestngSeleniumAutomation" name="deleteUser" time="6.131"/>
  <system-out/>
</testsuite> <!-- com.sgtesting.testngseleniumautomation.ModifyUserTestngSeleniumAutomation -->
