<?xml version="1.0" encoding="UTF-8"?>
<!-- Generated by org.testng.reporters.JUnitReportReporter -->
<testsuite hostname="DESKTOP-EJFPM7V" failures="0" tests="8" name="com.sgtesting.testngseleniumautomation.ModifyProjectTestngSeleniumAutomation" time="57.194" errors="0" timestamp="2022-09-16T12:55:36 IST" skipped="0">
  <testcase classname="com.sgtesting.testngseleniumautomation.ModifyProjectTestngSeleniumAutomation" name="logIn" time="5.167"/>
  <system-out/>
  <testcase classname="com.sgtesting.testngseleniumautomation.ModifyProjectTestngSeleniumAutomation" name="minimizeFlyOutWindow" time="5.073"/>
  <system-out/>
  <testcase classname="com.sgtesting.testngseleniumautomation.ModifyProjectTestngSeleniumAutomation" name="createCustomer" time="12.527"/>
  <system-out/>
  <testcase classname="com.sgtesting.testngseleniumautomation.ModifyProjectTestngSeleniumAutomation" name="createProject" time="9.194"/>
  <system-out/>
  <testcase classname="com.sgtesting.testngseleniumautomation.ModifyProjectTestngSeleniumAutomation" name="modifyProject" time="6.255"/>
  <system-out/>
  <testcase classname="com.sgtesting.testngseleniumautomation.ModifyProjectTestngSeleniumAutomation" name="deleteProject" time="9.245"/>
  <system-out/>
  <testcase classname="com.sgtesting.testngseleniumautomation.ModifyProjectTestngSeleniumAutomation" name="deleteCustomer" time="6.223"/>
  <system-out/>
  <testcase classname="com.sgtesting.testngseleniumautomation.ModifyProjectTestngSeleniumAutomation" name="logOut" time="3.510"/>
  <system-out/>
</testsuite> <!-- com.sgtesting.testngseleniumautomation.ModifyProjectTestngSeleniumAutomation -->
