<?xml version="1.0" encoding="UTF-8"?>
<!-- Generated by org.testng.reporters.JUnitReportReporter -->
<testsuite hostname="DESKTOP-EJFPM7V" failures="0" tests="6" name="com.sgtesting.testngseleniumautomation.ModifyCustomerTestngSeleniumAutomation" time="39.470" errors="0" timestamp="2022-09-16T12:55:36 IST" skipped="0">
  <testcase classname="com.sgtesting.testngseleniumautomation.ModifyCustomerTestngSeleniumAutomation" name="logIn" time="5.173"/>
  <system-out/>
  <testcase classname="com.sgtesting.testngseleniumautomation.ModifyCustomerTestngSeleniumAutomation" name="minimizeFlyOutWindow" time="5.072"/>
  <system-out/>
  <testcase classname="com.sgtesting.testngseleniumautomation.ModifyCustomerTestngSeleniumAutomation" name="createCustomer" time="12.547"/>
  <system-out/>
  <testcase classname="com.sgtesting.testngseleniumautomation.ModifyCustomerTestngSeleniumAutomation" name="modifyCustomer" time="7.263"/>
  <system-out/>
  <testcase classname="com.sgtesting.testngseleniumautomation.ModifyCustomerTestngSeleniumAutomation" name="deleteCustomer" time="6.244"/>
  <system-out/>
  <testcase classname="com.sgtesting.testngseleniumautomation.ModifyCustomerTestngSeleniumAutomation" name="logOut" time="3.171"/>
  <system-out/>
</testsuite> <!-- com.sgtesting.testngseleniumautomation.ModifyCustomerTestngSeleniumAutomation -->
