<?xml version="1.0" encoding="UTF-8"?>
<!-- Generated by org.testng.reporters.JUnitReportReporter -->
<testsuite hostname="DESKTOP-EJFPM7V" failures="0" tests="9" name="com.sgtesting.testngseleniumautomation.CreateTasksTestngSeleniumAutomation" time="69.566" errors="0" timestamp="2022-09-16T12:55:36 IST" skipped="0">
  <testcase classname="com.sgtesting.testngseleniumautomation.CreateTasksTestngSeleniumAutomation" name="logIn" time="5.179"/>
  <system-out/>
  <testcase classname="com.sgtesting.testngseleniumautomation.CreateTasksTestngSeleniumAutomation" name="minimizeFlyOutWindow" time="5.063"/>
  <system-out/>
  <testcase classname="com.sgtesting.testngseleniumautomation.CreateTasksTestngSeleniumAutomation" name="createCustomer" time="12.529"/>
  <system-out/>
  <testcase classname="com.sgtesting.testngseleniumautomation.CreateTasksTestngSeleniumAutomation" name="createProject" time="9.219"/>
  <system-out/>
  <testcase classname="com.sgtesting.testngseleniumautomation.CreateTasksTestngSeleniumAutomation" name="createTask" time="12.586"/>
  <system-out/>
  <testcase classname="com.sgtesting.testngseleniumautomation.CreateTasksTestngSeleniumAutomation" name="deleteTasks" time="6.165"/>
  <system-out/>
  <testcase classname="com.sgtesting.testngseleniumautomation.CreateTasksTestngSeleniumAutomation" name="deleteProject" time="9.405"/>
  <system-out/>
  <testcase classname="com.sgtesting.testngseleniumautomation.CreateTasksTestngSeleniumAutomation" name="deleteCustomer" time="6.211"/>
  <system-out/>
  <testcase classname="com.sgtesting.testngseleniumautomation.CreateTasksTestngSeleniumAutomation" name="logOut" time="3.209"/>
  <system-out/>
</testsuite> <!-- com.sgtesting.testngseleniumautomation.CreateTasksTestngSeleniumAutomation -->
