<?xml version="1.0" encoding="UTF-8"?>
<!-- Generated by org.testng.reporters.JUnitReportReporter -->
<testsuite hostname="DESKTOP-EJFPM7V" failures="0" tests="7" name="com.sgtesting.testngseleniumautomation.CreateProjectTestngSeleniumAutomation" time="50.703" errors="0" timestamp="2022-09-16T12:55:36 IST" skipped="0">
  <testcase classname="com.sgtesting.testngseleniumautomation.CreateProjectTestngSeleniumAutomation" name="logIn" time="5.177"/>
  <system-out/>
  <testcase classname="com.sgtesting.testngseleniumautomation.CreateProjectTestngSeleniumAutomation" name="minimizeFlyOutWindow" time="5.067"/>
  <system-out/>
  <testcase classname="com.sgtesting.testngseleniumautomation.CreateProjectTestngSeleniumAutomation" name="createCustomer" time="12.578"/>
  <system-out/>
  <testcase classname="com.sgtesting.testngseleniumautomation.CreateProjectTestngSeleniumAutomation" name="createProject" time="9.213"/>
  <system-out/>
  <testcase classname="com.sgtesting.testngseleniumautomation.CreateProjectTestngSeleniumAutomation" name="deleteProject" time="9.230"/>
  <system-out/>
  <testcase classname="com.sgtesting.testngseleniumautomation.CreateProjectTestngSeleniumAutomation" name="deleteCustomer" time="6.215"/>
  <system-out/>
  <testcase classname="com.sgtesting.testngseleniumautomation.CreateProjectTestngSeleniumAutomation" name="logOut" time="3.223"/>
  <system-out/>
</testsuite> <!-- com.sgtesting.testngseleniumautomation.CreateProjectTestngSeleniumAutomation -->
